Dataset shape:
(600, 6)


First 5 rows of the dataset:
   age gender blood_pressure cholesterol  Na_to_K_rate drug_type
0   16      M           HIGH      NORMAL        19.007         D
1   39      M           HIGH        HIGH         9.664         A
2   61      M         NORMAL        HIGH         9.443         E
3   37      F            LOW      NORMAL        12.006         E
4   26      F           HIGH      NORMAL        12.307         A


Last 5 rows of the dataset:
     age gender blood_pressure cholesterol  Na_to_K_rate drug_type
595   34      F            LOW      NORMAL        12.923         E
596   30      F         NORMAL        HIGH        10.443         E
597   57      F           HIGH      NORMAL         9.945         B
598   43      M         NORMAL      NORMAL        12.859         E
599   21      F           HIGH      NORMAL        28.632         D

Dataset information:
<class 'pandas.core.frame.DataFrame'>
RangeIndex: 600 entries, 0 to 599
Data columns (total 6 columns):
 #   Column          Non-Null Count  Dtype  
---  ------          --------------  -----  
 0   age             600 non-null    int64  
 1   gender          600 non-null    object 
 2   blood_pressure  600 non-null    object 
 3   cholesterol     600 non-null    object 
 4   Na_to_K_rate    600 non-null    float64
 5   drug_type       600 non-null    object 
dtypes: float64(1), int64(1), object(4)
memory usage: 28.2+ KB
None

Missing values in the dataset:
age               0
gender            0
blood_pressure    0
cholesterol       0
Na_to_K_rate      0
drug_type         0
dtype: int64

F    328
M    272
Name: gender, dtype: int64

HIGH      259
LOW       212
NORMAL    129
Name: blood_pressure, dtype: int64

HIGH      318
NORMAL    282
Name: cholesterol, dtype: int64

Drug type count:
D    194
E    175
A    112
C     74
B     45
Name: drug_type, dtype: int64

Statistics of the dataset:
              age  Na_to_K_rate
count  600.000000    600.000000
mean    43.761667     14.779270
std     16.278919      6.857109
min     15.000000      6.269000
25%     30.000000     10.170250
50%     43.000000     12.006000
75%     58.000000     18.854500
max     74.000000     38.247000


First 5 rows of the modified dataset:
  age gender blood_pressure cholesterol Na_to_K_rate drug_type
0   1      M           HIGH      NORMAL            2         D
1   3      M           HIGH        HIGH            1         A
2   6      M         NORMAL        HIGH            1         E
3   3      F            LOW      NORMAL            2         E
4   2      F           HIGH      NORMAL            2         A

Modified dataset saved successfully!

Training set shape:
(480, 15) (480,)

Test set shape:
(120, 15) (120,)


First 5 rows of the one-hot encoded training set:
     age_2  age_3  age_4  ...  Na_to_K_rate_2  Na_to_K_rate_3  Na_to_K_rate_4
118      1      0      0  ...               0               0               0
362      0      1      0  ...               1               0               0
55       0      0      1  ...               1               0               0
90       0      0      0  ...               1               0               0
390      0      0      0  ...               0               0               0

[5 rows x 15 columns]

Training set shape after SMOTE:
(785, 15) (785,)

Preprocessed training and test sets saved successfully!
